<?xml version="1.0" encoding="UTF-8"?>
<!-- Generated by org.testng.reporters.JUnitReportReporter -->
<testsuite hostname="Shri-PC" failures="0" tests="2" name="com.jbk.test.AddUserPageTest" time="17.538" errors="0" timestamp="2021-11-23T13:14:42 IST" skipped="0">
  <testcase classname="com.jbk.test.AddUserPageTest" name="validateTitleAfterClickOnCancle" time="7.157"/>
  <system-out/>
  <testcase classname="com.jbk.test.AddUserPageTest" name="VerifyAddUserAlertMsg" time="10.381"/>
  <system-out/>
</testsuite> <!-- com.jbk.test.AddUserPageTest -->
