<?xml version="1.0" encoding="UTF-8"?>
<!-- Generated by org.testng.reporters.JUnitReportReporter -->
<testsuite hostname="Shri-PC" failures="0" tests="8" name="com.jbk.test.LoginTest" time="38.975" errors="0" timestamp="2021-11-22T17:58:27 IST" skipped="0">
  <testcase classname="com.jbk.test.LoginTest" name="ValidateTitle" time="3.846"/>
  <system-out/>
  <testcase classname="com.jbk.test.LoginTest" name="validateImage" time="4.181"/>
  <system-out/>
  <testcase classname="com.jbk.test.LoginTest" name="ValidateHeadingText" time="5.199"/>
  <system-out/>
  <testcase classname="com.jbk.test.LoginTest" name="validatePasswordSuggestion" time="4.659"/>
  <system-out/>
  <testcase classname="com.jbk.test.LoginTest" name="validateEmailSuggestion" time="4.813"/>
  <system-out/>
  <testcase classname="com.jbk.test.LoginTest" name="validateCourseText" time="4.106"/>
  <system-out/>
  <testcase classname="com.jbk.test.LoginTest" name="checkRegistrationLink" time="4.293"/>
  <system-out/>
  <testcase classname="com.jbk.test.LoginTest" name="verifyValidLogin" time="7.878"/>
  <system-out/>
</testsuite> <!-- com.jbk.test.LoginTest -->
