<?xml version="1.0" encoding="UTF-8"?>
<!-- Generated by org.testng.reporters.JUnitReportReporter -->
<testsuite hostname="Shri-PC" failures="0" tests="2" name="com.jbk.test.RegistrationPageTest" time="8.512" errors="0" timestamp="2021-11-24T15:28:37 IST" skipped="0">
  <testcase classname="com.jbk.test.RegistrationPageTest" name="checkAlreadyMembershipLink" time="5.089"/>
  <system-out/>
  <testcase classname="com.jbk.test.RegistrationPageTest" name="checkRegisteredAlertMsg" time="3.423"/>
  <system-out/>
</testsuite> <!-- com.jbk.test.RegistrationPageTest -->
