<?xml version="1.0" encoding="UTF-8"?>
<!-- Generated by org.testng.reporters.JUnitReportReporter -->
<testsuite hostname="Shri-PC" failures="0" tests="2" name="com.jbk.test.AddUserPageTest" time="8.892" errors="0" timestamp="2021-11-24T15:28:37 IST" skipped="0">
  <testcase classname="com.jbk.test.AddUserPageTest" name="validateTitleAfterClickOnCancle" time="4.113"/>
  <system-out/>
  <testcase classname="com.jbk.test.AddUserPageTest" name="VerifyAddUserAlertMsg" time="4.779"/>
  <system-out/>
</testsuite> <!-- com.jbk.test.AddUserPageTest -->
