<?xml version="1.0" encoding="UTF-8"?>
<!-- Generated by org.testng.reporters.JUnitReportReporter -->
<testsuite hostname="Shri-PC" failures="0" tests="2" name="com.jbk.test.RegistrationPageTest" time="17.965" errors="0" timestamp="2021-11-23T17:57:56 IST" skipped="0">
  <testcase classname="com.jbk.test.RegistrationPageTest" name="checkAlreadyMembershipLink" time="9.367"/>
  <system-out/>
  <testcase classname="com.jbk.test.RegistrationPageTest" name="checkRegisteredAlertMsg" time="8.598"/>
  <system-out/>
</testsuite> <!-- com.jbk.test.RegistrationPageTest -->
