<?xml version="1.0" encoding="UTF-8"?>
<!-- Generated by org.testng.reporters.JUnitReportReporter -->
<testsuite skipped="0" hostname="Shri-PC" name="com.jbk.test.LoginTest" tests="8" failures="0" timestamp="2021-11-30T14:53:06 IST" time="30.531" errors="0">
  <testcase name="ValidateTitle" time="3.486" classname="com.jbk.test.LoginTest"/>
  <system-out/>
  <testcase name="validateImage" time="2.863" classname="com.jbk.test.LoginTest"/>
  <system-out/>
  <testcase name="ValidateHeadingText" time="3.924" classname="com.jbk.test.LoginTest"/>
  <system-out/>
  <testcase name="validatePasswordSuggestion" time="5.012" classname="com.jbk.test.LoginTest"/>
  <system-out/>
  <testcase name="validateEmailSuggestion" time="3.384" classname="com.jbk.test.LoginTest"/>
  <system-out/>
  <testcase name="validateCourseText" time="5.010" classname="com.jbk.test.LoginTest"/>
  <system-out/>
  <testcase name="checkRegistrationLink" time="3.076" classname="com.jbk.test.LoginTest"/>
  <system-out/>
  <testcase name="verifyValidLogin" time="3.776" classname="com.jbk.test.LoginTest"/>
  <system-out/>
</testsuite> <!-- com.jbk.test.LoginTest -->
