<?xml version="1.0" encoding="UTF-8"?>
<!-- Generated by org.testng.reporters.JUnitReportReporter -->
<testsuite hostname="Shri-PC" failures="0" tests="8" name="com.jbk.test.LoginTest" time="41.679" errors="0" timestamp="2021-11-23T16:56:34 IST" skipped="0">
  <testcase classname="com.jbk.test.LoginTest" name="ValidateTitle" time="2.549"/>
  <system-out/>
  <testcase classname="com.jbk.test.LoginTest" name="validateImage" time="16.894"/>
  <system-out/>
  <testcase classname="com.jbk.test.LoginTest" name="ValidateHeadingText" time="4.621"/>
  <system-out/>
  <testcase classname="com.jbk.test.LoginTest" name="validatePasswordSuggestion" time="3.063"/>
  <system-out/>
  <testcase classname="com.jbk.test.LoginTest" name="validateEmailSuggestion" time="3.376"/>
  <system-out/>
  <testcase classname="com.jbk.test.LoginTest" name="validateCourseText" time="4.592"/>
  <system-out/>
  <testcase classname="com.jbk.test.LoginTest" name="checkRegistrationLink" time="3.018"/>
  <system-out/>
  <testcase classname="com.jbk.test.LoginTest" name="verifyValidLogin" time="3.566"/>
  <system-out/>
</testsuite> <!-- com.jbk.test.LoginTest -->
