<?xml version="1.0" encoding="UTF-8"?>
<!-- Generated by org.testng.reporters.JUnitReportReporter -->
<testsuite hostname="Shri-PC" failures="0" tests="8" name="com.jbk.test.DashboardPageTest" time="85.756" errors="1" timestamp="2021-11-22T20:26:31 IST" skipped="0">
  <testcase classname="com.jbk.test.DashboardPageTest" name="validateHeadingText" time="11.204"/>
  <system-out/>
  <testcase classname="com.jbk.test.DashboardPageTest" name="checkMenuList" time="10.218"/>
  <system-out/>
  <testcase classname="com.jbk.test.DashboardPageTest" name="checkCourseList" time="11.431"/>
  <system-out/>
  <testcase classname="com.jbk.test.DashboardPageTest" name="checkSubCourseList" time="11.804">
    <error message="ExcelData\CoursesList.xlsx (The system cannot find the path specified)" type="java.io.FileNotFoundException">
      <![CDATA[java.io.FileNotFoundException: ExcelData\CoursesList.xlsx (The system cannot find the path specified)
at java.base/java.io.FileInputStream.open0(Native Method)
at java.base/java.io.FileInputStream.open(FileInputStream.java:211)
at java.base/java.io.FileInputStream.<init>(FileInputStream.java:153)
at java.base/java.io.FileInputStream.<init>(FileInputStream.java:108)
at com.jbk.test.DashboardPageTest.checkSubCourseList(DashboardPageTest.java:95)
at java.base/jdk.internal.reflect.NativeMethodAccessorImpl.invoke0(Native Method)
at java.base/jdk.internal.reflect.NativeMethodAccessorImpl.invoke(NativeMethodAccessorImpl.java:78)
at java.base/jdk.internal.reflect.DelegatingMethodAccessorImpl.invoke(DelegatingMethodAccessorImpl.java:43)
at java.base/java.lang.reflect.Method.invoke(Method.java:567)
at org.testng.internal.MethodInvocationHelper.invokeMethod(MethodInvocationHelper.java:133)
at org.testng.internal.TestInvoker.invokeMethod(TestInvoker.java:598)
at org.testng.internal.TestInvoker.invokeTestMethod(TestInvoker.java:173)
at org.testng.internal.MethodRunner.runInSequence(MethodRunner.java:46)
at org.testng.internal.TestInvoker$MethodInvocationAgent.invoke(TestInvoker.java:824)
at org.testng.internal.TestInvoker.invokeTestMethods(TestInvoker.java:146)
at org.testng.internal.TestMethodWorker.invokeTestMethods(TestMethodWorker.java:146)
at org.testng.internal.TestMethodWorker.run(TestMethodWorker.java:128)
at java.base/java.util.ArrayList.forEach(ArrayList.java:1511)
at org.testng.TestRunner.privateRun(TestRunner.java:794)
at org.testng.TestRunner.run(TestRunner.java:596)
at org.testng.SuiteRunner.runTest(SuiteRunner.java:377)
at org.testng.SuiteRunner.runSequentially(SuiteRunner.java:371)
at org.testng.SuiteRunner.privateRun(SuiteRunner.java:332)
at org.testng.SuiteRunner.run(SuiteRunner.java:276)
at org.testng.SuiteRunnerWorker.runSuite(SuiteRunnerWorker.java:53)
at org.testng.SuiteRunnerWorker.run(SuiteRunnerWorker.java:96)
at org.testng.TestNG.runSuitesSequentially(TestNG.java:1212)
at org.testng.TestNG.runSuitesLocally(TestNG.java:1134)
at org.testng.TestNG.runSuites(TestNG.java:1063)
at org.testng.TestNG.run(TestNG.java:1031)
at org.testng.remote.AbstractRemoteTestNG.run(AbstractRemoteTestNG.java:115)
at org.testng.remote.RemoteTestNG.initAndRun(RemoteTestNG.java:251)
at org.testng.remote.RemoteTestNG.main(RemoteTestNG.java:77)
]]>
    </error>
  </testcase> <!-- checkSubCourseList -->
  <system-out/>
  <testcase classname="com.jbk.test.DashboardPageTest" name="checkUsersLinkMenu" time="10.677"/>
  <system-out/>
  <testcase classname="com.jbk.test.DashboardPageTest" name="checkOperatorsLinkMenu" time="10.163"/>
  <system-out/>
  <testcase classname="com.jbk.test.DashboardPageTest" name="checkDownloadsLinkMenu" time="10.143"/>
  <system-out/>
  <testcase classname="com.jbk.test.DashboardPageTest" name="checkLogoutLinkMenu" time="10.116"/>
  <system-out/>
</testsuite> <!-- com.jbk.test.DashboardPageTest -->
