<?xml version="1.0" encoding="UTF-8"?>
<!-- Generated by org.testng.reporters.JUnitReportReporter -->
<testsuite hostname="Shri-PC" failures="0" tests="8" name="com.jbk.test.LoginTest" time="38.804" errors="0" timestamp="2021-11-24T15:28:37 IST" skipped="0">
  <testcase classname="com.jbk.test.LoginTest" name="ValidateTitle" time="4.800"/>
  <system-out/>
  <testcase classname="com.jbk.test.LoginTest" name="validateImage" time="2.855"/>
  <system-out/>
  <testcase classname="com.jbk.test.LoginTest" name="ValidateHeadingText" time="7.689"/>
  <system-out/>
  <testcase classname="com.jbk.test.LoginTest" name="validatePasswordSuggestion" time="7.364"/>
  <system-out/>
  <testcase classname="com.jbk.test.LoginTest" name="validateEmailSuggestion" time="3.117"/>
  <system-out/>
  <testcase classname="com.jbk.test.LoginTest" name="validateCourseText" time="2.736"/>
  <system-out/>
  <testcase classname="com.jbk.test.LoginTest" name="checkRegistrationLink" time="4.896"/>
  <system-out/>
  <testcase classname="com.jbk.test.LoginTest" name="verifyValidLogin" time="5.347"/>
  <system-out/>
</testsuite> <!-- com.jbk.test.LoginTest -->
