<?xml version="1.0" encoding="UTF-8"?>
<!-- Generated by org.testng.reporters.JUnitReportReporter -->
<testsuite hostname="Shri-PC" failures="0" tests="8" name="com.jbk.test.DashboardPageTest" time="56.407" errors="0" timestamp="2021-11-23T17:13:54 IST" skipped="0">
  <testcase classname="com.jbk.test.DashboardPageTest" name="validateHeadingText" time="5.827"/>
  <system-out/>
  <testcase classname="com.jbk.test.DashboardPageTest" name="checkMenuList" time="6.198"/>
  <system-out/>
  <testcase classname="com.jbk.test.DashboardPageTest" name="checkCourseList" time="8.643"/>
  <system-out/>
  <testcase classname="com.jbk.test.DashboardPageTest" name="checkSubCourseList" time="8.062"/>
  <system-out/>
  <testcase classname="com.jbk.test.DashboardPageTest" name="checkUsersLinkMenu" time="5.988"/>
  <system-out/>
  <testcase classname="com.jbk.test.DashboardPageTest" name="checkOperatorsLinkMenu" time="6.236"/>
  <system-out/>
  <testcase classname="com.jbk.test.DashboardPageTest" name="checkDownloadsLinkMenu" time="7.665"/>
  <system-out/>
  <testcase classname="com.jbk.test.DashboardPageTest" name="checkLogoutLinkMenu" time="7.788"/>
  <system-out/>
</testsuite> <!-- com.jbk.test.DashboardPageTest -->
