<?xml version="1.0" encoding="UTF-8"?>
<!-- Generated by org.testng.reporters.JUnitReportReporter -->
<testsuite skipped="0" hostname="Shri-PC" name="com.jbk.test.RegistrationPageTest" tests="2" failures="0" timestamp="2021-11-29T16:36:15 IST" time="22.976" errors="0">
  <testcase name="checkAlreadyMembershipLink" time="5.234" classname="com.jbk.test.RegistrationPageTest"/>
  <system-out/>
  <testcase name="checkRegisteredAlertMsg" time="17.742" classname="com.jbk.test.RegistrationPageTest"/>
  <system-out/>
</testsuite> <!-- com.jbk.test.RegistrationPageTest -->
