<?xml version="1.0" encoding="UTF-8"?>
<!-- Generated by org.testng.reporters.JUnitReportReporter -->
<testsuite hostname="Shri-PC" failures="0" tests="12" name="com.jbk.test.UserPageTest" time="121.144" errors="0" timestamp="2021-11-23T17:36:08 IST" skipped="0">
  <testcase classname="com.jbk.test.UserPageTest" name="validateHeader" time="6.931"/>
  <system-out/>
  <testcase classname="com.jbk.test.UserPageTest" name="validateBoxHeader" time="8.692"/>
  <system-out/>
  <testcase classname="com.jbk.test.UserPageTest" name="checkColumnName" time="12.378"/>
  <system-out/>
  <testcase classname="com.jbk.test.UserPageTest" name="validateTotalNumberOfUsers" time="9.982"/>
  <system-out/>
  <testcase classname="com.jbk.test.UserPageTest" name="validateMaleUsers" time="9.368"/>
  <system-out/>
  <testcase classname="com.jbk.test.UserPageTest" name="validateFemaleUsers" time="9.847"/>
  <system-out/>
  <testcase classname="com.jbk.test.UserPageTest" name="validateStateUsers" time="8.658"/>
  <system-out/>
  <testcase classname="com.jbk.test.UserPageTest" name="validateGmailUsers" time="9.153"/>
  <system-out/>
  <testcase classname="com.jbk.test.UserPageTest" name="validateKiranCourse" time="12.613"/>
  <system-out/>
  <testcase classname="com.jbk.test.UserPageTest" name="validateSagarState" time="10.745"/>
  <system-out/>
  <testcase classname="com.jbk.test.UserPageTest" name="InvalidMobileUsers" time="11.276"/>
  <system-out/>
  <testcase classname="com.jbk.test.UserPageTest" name="validateAddUserPageTitle" time="11.501"/>
  <system-out/>
</testsuite> <!-- com.jbk.test.UserPageTest -->
