<?xml version="1.0" encoding="UTF-8"?>
<!-- Generated by org.testng.reporters.JUnitReportReporter -->
<testsuite hostname="Shri-PC" failures="0" tests="8" name="com.jbk.test.DashboardPageTest" time="35.967" errors="0" timestamp="2021-11-24T15:28:37 IST" skipped="0">
  <testcase classname="com.jbk.test.DashboardPageTest" name="validateHeadingText" time="3.441"/>
  <system-out/>
  <testcase classname="com.jbk.test.DashboardPageTest" name="checkMenuList" time="5.284"/>
  <system-out/>
  <testcase classname="com.jbk.test.DashboardPageTest" name="checkCourseList" time="5.247"/>
  <system-out/>
  <testcase classname="com.jbk.test.DashboardPageTest" name="checkSubCourseList" time="5.565"/>
  <system-out/>
  <testcase classname="com.jbk.test.DashboardPageTest" name="checkUsersLinkMenu" time="3.588"/>
  <system-out/>
  <testcase classname="com.jbk.test.DashboardPageTest" name="checkOperatorsLinkMenu" time="3.429"/>
  <system-out/>
  <testcase classname="com.jbk.test.DashboardPageTest" name="checkDownloadsLinkMenu" time="4.209"/>
  <system-out/>
  <testcase classname="com.jbk.test.DashboardPageTest" name="checkLogoutLinkMenu" time="5.204"/>
  <system-out/>
</testsuite> <!-- com.jbk.test.DashboardPageTest -->
