<?xml version="1.0" encoding="UTF-8"?>
<!-- Generated by org.testng.reporters.JUnitReportReporter -->
<testsuite hostname="Shri-PC" failures="0" tests="5" name="com.jbk.test.OperatorsPageTest" time="22.352" errors="0" timestamp="2021-11-24T16:39:06 IST" skipped="0">
  <testcase classname="com.jbk.test.OperatorsPageTest" name="onlyWhatsAppFaculty" time="5.808"/>
  <system-out/>
  <testcase classname="com.jbk.test.OperatorsPageTest" name="PhoneCallFaculty" time="4.993"/>
  <system-out/>
  <testcase classname="com.jbk.test.OperatorsPageTest" name="SatSunFaculties" time="3.685"/>
  <system-out/>
  <testcase classname="com.jbk.test.OperatorsPageTest" name="facultiesFrom09To06" time="4.023"/>
  <system-out/>
  <testcase classname="com.jbk.test.OperatorsPageTest" name="techFaculties" time="3.843"/>
  <system-out/>
</testsuite> <!-- com.jbk.test.OperatorsPageTest -->
