<?xml version="1.0" encoding="UTF-8"?>
<!-- Generated by org.testng.reporters.JUnitReportReporter -->
<testsuite hostname="Shri-PC" failures="0" tests="1" name="com.jbk.test.UserPageTest" time="9.733" errors="0" timestamp="2021-11-23T08:49:57 IST" skipped="0">
  <testcase classname="com.jbk.test.UserPageTest" name="validateGmailUsers" time="9.733"/>
  <system-out/>
</testsuite> <!-- com.jbk.test.UserPageTest -->
