<?xml version="1.0" encoding="UTF-8"?>
<!-- Generated by org.testng.reporters.JUnitReportReporter -->
<testsuite hostname="Shri-PC" failures="0" tests="1" name="com.jbk.test.DashboardPageTest" time="9.926" errors="0" timestamp="2021-11-22T20:46:15 IST" skipped="0">
  <testcase classname="com.jbk.test.DashboardPageTest" name="checkSubCourseList" time="9.926"/>
  <system-out/>
</testsuite> <!-- com.jbk.test.DashboardPageTest -->
