<?xml version="1.0" encoding="UTF-8"?>
<!-- Generated by org.testng.reporters.JUnitReportReporter -->
<testsuite hostname="Shri-PC" failures="0" tests="2" name="com.jbk.test.AddUserPageTest" time="27.847" errors="0" timestamp="2021-11-23T18:13:26 IST" skipped="0">
  <testcase classname="com.jbk.test.AddUserPageTest" name="validateTitleAfterClickOnCancle" time="14.639"/>
  <system-out/>
  <testcase classname="com.jbk.test.AddUserPageTest" name="VerifyAddUserAlertMsg" time="13.208"/>
  <system-out/>
</testsuite> <!-- com.jbk.test.AddUserPageTest -->
