<?xml version="1.0" encoding="UTF-8"?>
<!-- Generated by org.testng.reporters.JUnitReportReporter -->
<testsuite hostname="Shri-PC" failures="0" tests="2" name="com.jbk.test.RegistrationPageTest" time="14.658" errors="0" timestamp="2021-11-22T19:08:09 IST" skipped="0">
  <testcase classname="com.jbk.test.RegistrationPageTest" name="checkAlreadyMembershipLink" time="6.889"/>
  <system-out/>
  <testcase classname="com.jbk.test.RegistrationPageTest" name="checkRegisteredAlertMsg" time="7.769"/>
  <system-out/>
</testsuite> <!-- com.jbk.test.RegistrationPageTest -->
