<?xml version="1.0" encoding="UTF-8"?>
<!-- Generated by org.testng.reporters.JUnitReportReporter -->
<testsuite hostname="Shri-PC" failures="0" tests="12" name="com.jbk.test.UserPageTest" time="52.811" errors="0" timestamp="2021-11-24T15:28:37 IST" skipped="0">
  <testcase classname="com.jbk.test.UserPageTest" name="validateHeader" time="3.618"/>
  <system-out/>
  <testcase classname="com.jbk.test.UserPageTest" name="validateBoxHeader" time="3.491"/>
  <system-out/>
  <testcase classname="com.jbk.test.UserPageTest" name="checkColumnName" time="6.588"/>
  <system-out/>
  <testcase classname="com.jbk.test.UserPageTest" name="validateTotalNumberOfUsers" time="3.785"/>
  <system-out/>
  <testcase classname="com.jbk.test.UserPageTest" name="validateMaleUsers" time="5.521"/>
  <system-out/>
  <testcase classname="com.jbk.test.UserPageTest" name="validateFemaleUsers" time="5.673"/>
  <system-out/>
  <testcase classname="com.jbk.test.UserPageTest" name="validateStateUsers" time="4.070"/>
  <system-out/>
  <testcase classname="com.jbk.test.UserPageTest" name="validateGmailUsers" time="5.468"/>
  <system-out/>
  <testcase classname="com.jbk.test.UserPageTest" name="validateKiranCourse" time="3.649"/>
  <system-out/>
  <testcase classname="com.jbk.test.UserPageTest" name="validateSagarState" time="3.494"/>
  <system-out/>
  <testcase classname="com.jbk.test.UserPageTest" name="InvalidMobileUsers" time="3.885"/>
  <system-out/>
  <testcase classname="com.jbk.test.UserPageTest" name="validateAddUserPageTitle" time="3.569"/>
  <system-out/>
</testsuite> <!-- com.jbk.test.UserPageTest -->
